2022-12-29 14:40:11,847 INFO [main] c.b.f.b.Block5LoggingApplication [StartupInfoLogger.java:51] Starting Block5LoggingApplication using Java 17.0.5 with PID 12804 (C:\Users\felix.munoz\IdeaProjects\FormacionBackend_Pruebas\block5-logging\target\classes started by felix.munoz in C:\Users\felix.munoz\IdeaProjects\FormacionBackend_Pruebas)
2022-12-29 14:40:11,852 INFO [main] c.b.f.b.Block5LoggingApplication [SpringApplication.java:630] No active profile set, falling back to 1 default profile: "default"
2022-12-29 14:40:12,799 INFO [main] o.s.b.w.e.t.TomcatWebServer [TomcatWebServer.java:108] Tomcat initialized with port(s): 8080 (http)
2022-12-29 14:40:12,818 INFO [main] o.a.c.h.Http11NioProtocol [DirectJDKLog.java:173] Initializing ProtocolHandler ["http-nio-8080"]
2022-12-29 14:40:12,819 INFO [main] o.a.c.c.StandardService [DirectJDKLog.java:173] Starting service [Tomcat]
2022-12-29 14:40:12,819 INFO [main] o.a.c.c.StandardEngine [DirectJDKLog.java:173] Starting Servlet engine: [Apache Tomcat/10.1.4]
2022-12-29 14:40:12,904 INFO [main] o.a.c.c.C.[.[.[/] [DirectJDKLog.java:173] Initializing Spring embedded WebApplicationContext
2022-12-29 14:40:12,907 INFO [main] o.s.b.w.s.c.ServletWebServerApplicationContext [ServletWebServerApplicationContext.java:291] Root WebApplicationContext: initialization completed in 1001 ms
2022-12-29 14:40:13,206 INFO [main] o.a.c.h.Http11NioProtocol [DirectJDKLog.java:173] Starting ProtocolHandler ["http-nio-8080"]
2022-12-29 14:40:13,223 INFO [main] o.s.b.w.e.t.TomcatWebServer [TomcatWebServer.java:220] Tomcat started on port(s): 8080 (http) with context path ''
2022-12-29 14:40:13,232 INFO [main] c.b.f.b.Block5LoggingApplication [StartupInfoLogger.java:57] Started Block5LoggingApplication in 1.694 seconds (process running for 2.086)
2022-12-29 14:40:17,477 INFO [http-nio-8080-exec-1] o.a.c.c.C.[.[.[/] [DirectJDKLog.java:173] Initializing Spring DispatcherServlet 'dispatcherServlet'
2022-12-29 14:40:17,477 INFO [http-nio-8080-exec-1] o.s.w.s.DispatcherServlet [FrameworkServlet.java:532] Initializing Servlet 'dispatcherServlet'
2022-12-29 14:40:17,479 INFO [http-nio-8080-exec-1] o.s.w.s.DispatcherServlet [FrameworkServlet.java:554] Completed initialization in 2 ms
2022-12-29 14:40:17,508 INFO [http-nio-8080-exec-1] c.b.f.b.MainController [MainController.java:17] Mensaje a nivel de INFO
2022-12-29 14:40:17,508 WARN [http-nio-8080-exec-1] c.b.f.b.MainController [MainController.java:18] Mensaje a nivel de WARNING
2022-12-29 14:40:17,508 ERROR [http-nio-8080-exec-1] c.b.f.b.MainController [MainController.java:19] Mensaje a nivel de ERROR
2022-12-29 14:40:31,149 INFO [http-nio-8080-exec-3] c.b.f.b.MainController [MainController.java:17] Mensaje a nivel de INFO
2022-12-29 14:40:31,149 WARN [http-nio-8080-exec-3] c.b.f.b.MainController [MainController.java:18] Mensaje a nivel de WARNING
2022-12-29 14:40:31,149 ERROR [http-nio-8080-exec-3] c.b.f.b.MainController [MainController.java:19] Mensaje a nivel de ERROR
